# JRE version: Java(TM) SE Runtime Environment (8.0_51-b16) (build 1.8.0_51-b16)
# Java VM: Java HotSpot(TM) 64-Bit Server VM (25.51-b03 mixed mode bsd-amd64 compressed oops)
Heap:
 PSYoungGen      total 71680K, used 34167K [0x000000076ab00000, 0x000000076fd00000, 0x00000007c0000000)
  eden space 61440K, 55% used [0x000000076ab00000,0x000000076cc1dcb0,0x000000076e700000)
  from space 10240K, 2% used [0x000000076e800000,0x000000076e840000,0x000000076f200000)
  to   space 11264K, 0% used [0x000000076f200000,0x000000076f200000,0x000000076fd00000)
 ParOldGen       total 175104K, used 7026K [0x00000006c0000000, 0x00000006cab00000, 0x000000076ab00000)
  object space 175104K, 4% used [0x00000006c0000000,0x00000006c06dc938,0x00000006cab00000)
 Metaspace       used 16089K, capacity 16788K, committed 16896K, reserved 1062912K
  class space    used 2249K, capacity 2469K, committed 2560K, reserved 1048576K
GC Heap History (10 events):
Event: 21.426 GC heap before
{Heap before GC invocations=3 (full 0):
 PSYoungGen      total 76288K, used 72709K [0x000000076ab00000, 0x0000000770000000, 0x00000007c0000000)
  eden space 65536K, 100% used [0x000000076ab00000,0x000000076eb00000,0x000000076eb00000)
  from space 10752K, 66% used [0x000000076f580000,0x000000076fc81570,0x0000000770000000)
  to   space 10752K, 0% used [0x000000076eb00000,0x000000076eb00000,0x000000076f580000)
 ParOldGen       total 175104K, used 16K [0x00000006c0000000, 0x00000006cab00000, 0x000000076ab00000)
  object space 175104K, 0% used [0x00000006c0000000,0x00000006c0004000,0x00000006cab00000)
 Metaspace       used 15348K, capacity 15984K, committed 16256K, reserved 1062912K
  class space    used 2199K, capacity 2379K, committed 2432K, reserved 1048576K
Event: 21.431 GC heap after
Heap after GC invocations=3 (full 0):
 PSYoungGen      total 76288K, used 7074K [0x000000076ab00000, 0x0000000770000000, 0x00000007c0000000)
  eden space 65536K, 0% used [0x000000076ab00000,0x000000076ab00000,0x000000076eb00000)
  from space 10752K, 65% used [0x000000076eb00000,0x000000076f1e8ae0,0x000000076f580000)
  to   space 10752K, 0% used [0x000000076f580000,0x000000076f580000,0x0000000770000000)
 ParOldGen       total 175104K, used 24K [0x00000006c0000000, 0x00000006cab00000, 0x000000076ab00000)
  object space 175104K, 0% used [0x00000006c0000000,0x00000006c0006000,0x00000006cab00000)
 Metaspace       used 15348K, capacity 15984K, committed 16256K, reserved 1062912K
  class space    used 2199K, capacity 2379K, committed 2432K, reserved 1048576K
}
Event: 29.600 GC heap before
{Heap before GC invocations=4 (full 0):
 PSYoungGen      total 76288K, used 72610K [0x000000076ab00000, 0x0000000770000000, 0x00000007c0000000)
  eden space 65536K, 100% used [0x000000076ab00000,0x000000076eb00000,0x000000076eb00000)
  from space 10752K, 65% used [0x000000076eb00000,0x000000076f1e8ae0,0x000000076f580000)
  to   space 10752K, 0% used [0x000000076f580000,0x000000076f580000,0x0000000770000000)
 ParOldGen       total 175104K, used 24K [0x00000006c0000000, 0x00000006cab00000, 0x000000076ab00000)
  object space 175104K, 0% used [0x00000006c0000000,0x00000006c0006000,0x00000006cab00000)
 Metaspace       used 15757K, capacity 16438K, committed 16512K, reserved 1062912K
  class space    used 2213K, capacity 2380K, committed 2432K, reserved 1048576K
Event: 29.605 GC heap after
Heap after GC invocations=4 (full 0):
 PSYoungGen      total 76288K, used 7125K [0x000000076ab00000, 0x0000000770000000, 0x00000007c0000000)
  eden space 65536K, 0% used [0x000000076ab00000,0x000000076ab00000,0x000000076eb00000)
  from space 10752K, 66% used [0x000000076f580000,0x000000076fc75560,0x0000000770000000)
  to   space 10752K, 0% used [0x000000076eb00000,0x000000076eb00000,0x000000076f580000)
 ParOldGen       total 175104K, used 32K [0x00000006c0000000, 0x00000006cab00000, 0x000000076ab00000)
  object space 175104K, 0% used [0x00000006c0000000,0x00000006c0008000,0x00000006cab00000)
 Metaspace       used 15757K, capacity 16438K, committed 16512K, reserved 1062912K
  class space    used 2213K, capacity 2380K, committed 2432K, reserved 1048576K
}
Event: 37.866 GC heap before
{Heap before GC invocations=5 (full 0):
 PSYoungGen      total 76288K, used 72661K [0x000000076ab00000, 0x0000000770000000, 0x00000007c0000000)
  eden space 65536K, 100% used [0x000000076ab00000,0x000000076eb00000,0x000000076eb00000)
  from space 10752K, 66% used [0x000000076f580000,0x000000076fc75560,0x0000000770000000)
  to   space 10752K, 0% used [0x000000076eb00000,0x000000076eb00000,0x000000076f580000)
 ParOldGen       total 175104K, used 32K [0x00000006c0000000, 0x00000006cab00000, 0x000000076ab00000)
  object space 175104K, 0% used [0x00000006c0000000,0x00000006c0008000,0x00000006cab00000)
 Metaspace       used 16016K, capacity 16734K, committed 16896K, reserved 1062912K
  class space    used 2239K, capacity 2458K, committed 2560K, reserved 1048576K
Event: 37.871 GC heap after
Heap after GC invocations=5 (full 0):
 PSYoungGen      total 71680K, used 7173K [0x000000076ab00000, 0x000000076fd80000, 0x00000007c0000000)
  eden space 64000K, 0% used [0x000000076ab00000,0x000000076ab00000,0x000000076e980000)
  from space 7680K, 93% used [0x000000076eb00000,0x000000076f201550,0x000000076f280000)
  to   space 10240K, 0% used [0x000000076f380000,0x000000076f380000,0x000000076fd80000)
 ParOldGen       total 175104K, used 40K [0x00000006c0000000, 0x00000006cab00000, 0x000000076ab00000)
  object space 175104K, 0% used [0x00000006c0000000,0x00000006c000a000,0x00000006cab00000)
 Metaspace       used 16016K, capacity 16734K, committed 16896K, reserved 1062912K
  class space    used 2239K, capacity 2458K, committed 2560K, reserved 1048576K
}
Event: 46.225 GC heap before
{Heap before GC invocations=6 (full 0):
 PSYoungGen      total 71680K, used 71173K [0x000000076ab00000, 0x000000076fd80000, 0x00000007c0000000)
  eden space 64000K, 100% used [0x000000076ab00000,0x000000076e980000,0x000000076e980000)
  from space 7680K, 93% used [0x000000076eb00000,0x000000076f201550,0x000000076f280000)
  to   space 10240K, 0% used [0x000000076f380000,0x000000076f380000,0x000000076fd80000)
 ParOldGen       total 175104K, used 40K [0x00000006c0000000, 0x00000006cab00000, 0x000000076ab00000)
  object space 175104K, 0% used [0x00000006c0000000,0x00000006c000a000,0x00000006cab00000)
 Metaspace       used 16034K, capacity 16738K, committed 16896K, reserved 1062912K
  class space    used 2239K, capacity 2458K, committed 2560K, reserved 1048576K
Event: 46.231 GC heap after
Heap after GC invocations=6 (full 0):
 PSYoungGen      total 71168K, used 7077K [0x000000076ab00000, 0x000000076fc00000, 0x00000007c0000000)
  eden space 62464K, 0% used [0x000000076ab00000,0x000000076ab00000,0x000000076e800000)
  from space 8704K, 81% used [0x000000076f380000,0x000000076fa69550,0x000000076fc00000)
  to   space 10240K, 0% used [0x000000076e800000,0x000000076e800000,0x000000076f200000)
 ParOldGen       total 175104K, used 48K [0x00000006c0000000, 0x00000006cab00000, 0x000000076ab00000)
  object space 175104K, 0% used [0x00000006c0000000,0x00000006c000c000,0x00000006cab00000)
 Metaspace       used 16034K, capacity 16738K, committed 16896K, reserved 1062912K
  class space    used 2239K, capacity 2458K, committed 2560K, reserved 1048576K
}
Event: 55.977 GC heap before
{Heap before GC invocations=7 (full 0):
 PSYoungGen      total 71168K, used 69541K [0x000000076ab00000, 0x000000076fc00000, 0x00000007c0000000)
  eden space 62464K, 100% used [0x000000076ab00000,0x000000076e800000,0x000000076e800000)
  from space 8704K, 81% used [0x000000076f380000,0x000000076fa69550,0x000000076fc00000)
  to   space 10240K, 0% used [0x000000076e800000,0x000000076e800000,0x000000076f200000)
 ParOldGen       total 175104K, used 48K [0x00000006c0000000, 0x00000006cab00000, 0x000000076ab00000)
  object space 175104K, 0% used [0x00000006c0000000,0x00000006c000c000,0x00000006cab00000)
 Metaspace       used 16042K, capacity 16738K, committed 16896K, reserved 1062912K
  class space    used 2239K, capacity 2458K, committed 2560K, reserved 1048576K
Event: 55.984 GC heap after
Heap after GC invocations=7 (full 0):
 PSYoungGen      total 71680K, used 256K [0x000000076ab00000, 0x000000076fd00000, 0x00000007c0000000)
  eden space 61440K, 0% used [0x000000076ab00000,0x000000076ab00000,0x000000076e700000)
  from space 10240K, 2% used [0x000000076e800000,0x000000076e840000,0x000000076f200000)
  to   space 11264K, 0% used [0x000000076f200000,0x000000076f200000,0x000000076fd00000)
 ParOldGen       total 175104K, used 7026K [0x00000006c0000000, 0x00000006cab00000, 0x000000076ab00000)
  object space 175104K, 4% used [0x00000006c0000000,0x00000006c06dc938,0x00000006cab00000)
 Metaspace       used 16042K, capacity 16738K, committed 16896K, reserved 1062912K
  class space    used 2239K, capacity 2458K, committed 2560K, reserved 1048576K
}

