# JRE version: Java(TM) SE Runtime Environment (8.0_51-b16) (build 1.8.0_51-b16)
# Java VM: Java HotSpot(TM) 64-Bit Server VM (25.51-b03 mixed mode bsd-amd64 compressed oops)
Heap:
 PSYoungGen      total 67072K, used 42231K [0x000000076ab00000, 0x000000076f400000, 0x00000007c0000000)
  eden space 60416K, 69% used [0x000000076ab00000,0x000000076d3fdfa0,0x000000076e600000)
  from space 6656K, 3% used [0x000000076ed80000,0x000000076edc0000,0x000000076f400000)
  to   space 7168K, 0% used [0x000000076e600000,0x000000076e600000,0x000000076ed00000)
 ParOldGen       total 175104K, used 4602K [0x00000006c0000000, 0x00000006cab00000, 0x000000076ab00000)
  object space 175104K, 2% used [0x00000006c0000000,0x00000006c047e918,0x00000006cab00000)
 Metaspace       used 15516K, capacity 16112K, committed 16256K, reserved 1062912K
  class space    used 2193K, capacity 2375K, committed 2432K, reserved 1048576K
GC Heap History (10 events):
Event: 19.415 GC heap before
{Heap before GC invocations=4 (full 0):
 PSYoungGen      total 76288K, used 70077K [0x000000076ab00000, 0x0000000770000000, 0x00000007c0000000)
  eden space 65536K, 100% used [0x000000076ab00000,0x000000076eb00000,0x000000076eb00000)
  from space 10752K, 42% used [0x000000076eb00000,0x000000076ef6f560,0x000000076f580000)
  to   space 10752K, 0% used [0x000000076f580000,0x000000076f580000,0x0000000770000000)
 ParOldGen       total 175104K, used 24K [0x00000006c0000000, 0x00000006cab00000, 0x000000076ab00000)
  object space 175104K, 0% used [0x00000006c0000000,0x00000006c0006000,0x00000006cab00000)
 Metaspace       used 14642K, capacity 15152K, committed 15360K, reserved 1062912K
  class space    used 2069K, capacity 2219K, committed 2304K, reserved 1048576K
Event: 19.419 GC heap after
Heap after GC invocations=4 (full 0):
 PSYoungGen      total 76288K, used 4334K [0x000000076ab00000, 0x0000000770000000, 0x00000007c0000000)
  eden space 65536K, 0% used [0x000000076ab00000,0x000000076ab00000,0x000000076eb00000)
  from space 10752K, 40% used [0x000000076f580000,0x000000076f9bbac0,0x0000000770000000)
  to   space 10752K, 0% used [0x000000076eb00000,0x000000076eb00000,0x000000076f580000)
 ParOldGen       total 175104K, used 32K [0x00000006c0000000, 0x00000006cab00000, 0x000000076ab00000)
  object space 175104K, 0% used [0x00000006c0000000,0x00000006c0008000,0x00000006cab00000)
 Metaspace       used 14642K, capacity 15152K, committed 15360K, reserved 1062912K
  class space    used 2069K, capacity 2219K, committed 2304K, reserved 1048576K
}
Event: 27.749 GC heap before
{Heap before GC invocations=5 (full 0):
 PSYoungGen      total 76288K, used 69870K [0x000000076ab00000, 0x0000000770000000, 0x00000007c0000000)
  eden space 65536K, 100% used [0x000000076ab00000,0x000000076eb00000,0x000000076eb00000)
  from space 10752K, 40% used [0x000000076f580000,0x000000076f9bbac0,0x0000000770000000)
  to   space 10752K, 0% used [0x000000076eb00000,0x000000076eb00000,0x000000076f580000)
 ParOldGen       total 175104K, used 32K [0x00000006c0000000, 0x00000006cab00000, 0x000000076ab00000)
  object space 175104K, 0% used [0x00000006c0000000,0x00000006c0008000,0x00000006cab00000)
 Metaspace       used 14762K, capacity 15280K, committed 15616K, reserved 1062912K
  class space    used 2069K, capacity 2219K, committed 2304K, reserved 1048576K
Event: 27.753 GC heap after
Heap after GC invocations=5 (full 0):
 PSYoungGen      total 69120K, used 4621K [0x000000076ab00000, 0x000000076f600000, 0x00000007c0000000)
  eden space 64000K, 0% used [0x000000076ab00000,0x000000076ab00000,0x000000076e980000)
  from space 5120K, 90% used [0x000000076eb00000,0x000000076ef83550,0x000000076f000000)
  to   space 6144K, 0% used [0x000000076f000000,0x000000076f000000,0x000000076f600000)
 ParOldGen       total 175104K, used 40K [0x00000006c0000000, 0x00000006cab00000, 0x000000076ab00000)
  object space 175104K, 0% used [0x00000006c0000000,0x00000006c000a000,0x00000006cab00000)
 Metaspace       used 14762K, capacity 15280K, committed 15616K, reserved 1062912K
  class space    used 2069K, capacity 2219K, committed 2304K, reserved 1048576K
}
Event: 36.084 GC heap before
{Heap before GC invocations=6 (full 0):
 PSYoungGen      total 69120K, used 68621K [0x000000076ab00000, 0x000000076f600000, 0x00000007c0000000)
  eden space 64000K, 100% used [0x000000076ab00000,0x000000076e980000,0x000000076e980000)
  from space 5120K, 90% used [0x000000076eb00000,0x000000076ef83550,0x000000076f000000)
  to   space 6144K, 0% used [0x000000076f000000,0x000000076f000000,0x000000076f600000)
 ParOldGen       total 175104K, used 40K [0x00000006c0000000, 0x00000006cab00000, 0x000000076ab00000)
  object space 175104K, 0% used [0x00000006c0000000,0x00000006c000a000,0x00000006cab00000)
 Metaspace       used 14779K, capacity 15280K, committed 15616K, reserved 1062912K
  class space    used 2069K, capacity 2219K, committed 2304K, reserved 1048576K
Event: 36.090 GC heap after
Heap after GC invocations=6 (full 0):
 PSYoungGen      total 67072K, used 4605K [0x000000076ab00000, 0x000000076f480000, 0x00000007c0000000)
  eden space 62464K, 0% used [0x000000076ab00000,0x000000076ab00000,0x000000076e800000)
  from space 4608K, 99% used [0x000000076f000000,0x000000076f47f560,0x000000076f480000)
  to   space 6144K, 0% used [0x000000076e880000,0x000000076e880000,0x000000076ee80000)
 ParOldGen       total 175104K, used 48K [0x00000006c0000000, 0x00000006cab00000, 0x000000076ab00000)
  object space 175104K, 0% used [0x00000006c0000000,0x00000006c000c000,0x00000006cab00000)
 Metaspace       used 14779K, capacity 15280K, committed 15616K, reserved 1062912K
  class space    used 2069K, capacity 2219K, committed 2304K, reserved 1048576K
}
Event: 45.885 GC heap before
{Heap before GC invocations=7 (full 0):
 PSYoungGen      total 67072K, used 67069K [0x000000076ab00000, 0x000000076f480000, 0x00000007c0000000)
  eden space 62464K, 100% used [0x000000076ab00000,0x000000076e800000,0x000000076e800000)
  from space 4608K, 99% used [0x000000076f000000,0x000000076f47f560,0x000000076f480000)
  to   space 6144K, 0% used [0x000000076e880000,0x000000076e880000,0x000000076ee80000)
 ParOldGen       total 175104K, used 48K [0x00000006c0000000, 0x00000006cab00000, 0x000000076ab00000)
  object space 175104K, 0% used [0x00000006c0000000,0x00000006c000c000,0x00000006cab00000)
 Metaspace       used 14794K, capacity 15280K, committed 15616K, reserved 1062912K
  class space    used 2069K, capacity 2219K, committed 2304K, reserved 1048576K
Event: 45.891 GC heap after
Heap after GC invocations=7 (full 0):
 PSYoungGen      total 61952K, used 256K [0x000000076ab00000, 0x000000076f400000, 0x00000007c0000000)
  eden space 61440K, 0% used [0x000000076ab00000,0x000000076ab00000,0x000000076e700000)
  from space 512K, 50% used [0x000000076e880000,0x000000076e8c0000,0x000000076e900000)
  to   space 6656K, 0% used [0x000000076ed80000,0x000000076ed80000,0x000000076f400000)
 ParOldGen       total 175104K, used 4546K [0x00000006c0000000, 0x00000006cab00000, 0x000000076ab00000)
  object space 175104K, 2% used [0x00000006c0000000,0x00000006c0470918,0x00000006cab00000)
 Metaspace       used 14794K, capacity 15280K, committed 15616K, reserved 1062912K
  class space    used 2069K, capacity 2219K, committed 2304K, reserved 1048576K
}
Event: 55.706 GC heap before
{Heap before GC invocations=8 (full 0):
 PSYoungGen      total 61952K, used 61696K [0x000000076ab00000, 0x000000076f400000, 0x00000007c0000000)
  eden space 61440K, 100% used [0x000000076ab00000,0x000000076e700000,0x000000076e700000)
  from space 512K, 50% used [0x000000076e880000,0x000000076e8c0000,0x000000076e900000)
  to   space 6656K, 0% used [0x000000076ed80000,0x000000076ed80000,0x000000076f400000)
 ParOldGen       total 175104K, used 4546K [0x00000006c0000000, 0x00000006cab00000, 0x000000076ab00000)
  object space 175104K, 2% used [0x00000006c0000000,0x00000006c0470918,0x00000006cab00000)
 Metaspace       used 14794K, capacity 15280K, committed 15616K, reserved 1062912K
  class space    used 2069K, capacity 2219K, committed 2304K, reserved 1048576K
Event: 55.707 GC heap after
Heap after GC invocations=8 (full 0):
 PSYoungGen      total 67072K, used 256K [0x000000076ab00000, 0x000000076f400000, 0x00000007c0000000)
  eden space 60416K, 0% used [0x000000076ab00000,0x000000076ab00000,0x000000076e600000)
  from space 6656K, 3% used [0x000000076ed80000,0x000000076edc0000,0x000000076f400000)
  to   space 7168K, 0% used [0x000000076e600000,0x000000076e600000,0x000000076ed00000)
 ParOldGen       total 175104K, used 4602K [0x00000006c0000000, 0x00000006cab00000, 0x000000076ab00000)
  object space 175104K, 2% used [0x00000006c0000000,0x00000006c047e918,0x00000006cab00000)
 Metaspace       used 14794K, capacity 15280K, committed 15616K, reserved 1062912K
  class space    used 2069K, capacity 2219K, committed 2304K, reserved 1048576K
}

